<?xml version="1.0" encoding="UTF-8"?>
<!-- Generated by org.testng.reporters.JUnitReportReporter -->
<testsuite hostname="SRV03WAP101" failures="0" tests="1" name="com.Test.TestController" time="63.531" errors="0" timestamp="22 Feb 2019 07:36:11 GMT">
  <testcase classname="com.Test.TestController" name="TestCaseController" time="63.531"/>
</testsuite> <!-- com.Test.TestController -->
